ERROR - 2016-10-26 08:58:44 - exception 'Cassandra\Exception\InvalidSyntaxException' with message 'line 1:67 missing EOF at 's' (... games_search_engine WHERE solr_query = 'name:"mirror'[s] edge...)' in C:\xampp\htdocs\bomb_cassandra\vendor\yeephp\yeephp\Yee\Libraries\Database\CassandraDB.php:221
Stack trace:
#0 C:\xampp\htdocs\bomb_cassandra\vendor\yeephp\yeephp\Yee\Libraries\Database\CassandraDB.php(221): Cassandra\DefaultSession->execute(Object(Cassandra\SimpleStatement), Object(Cassandra\ExecutionOptions))
#1 C:\xampp\htdocs\bomb_cassandra\App\Models\GamesDBModel.php(49): Yee\Libraries\Database\CassandraDB->get('games_search_en...')
#2 C:\xampp\htdocs\bomb_cassandra\App\Controllers\SearchEngineController.php(47): App\Models\GamesDBModel->selectSearchResults('mirror's edge')
#3 [internal function]: SearchEngineController->search()
#4 C:\xampp\htdocs\bomb_cassandra\vendor\yeephp\yeephp\Yee\Managers\Controller\Controller.php(22): call_user_func_array(Array, Array)
#5 [internal function]: Yee\Managers\Controller\Controller::__callStatic('___search', Array)
#6 [internal function]: SearchEngineController::___search()
#7 C:\xampp\htdocs\bomb_cassandra\vendor\yeephp\yeephp\Yee\Route.php(462): call_user_func_array('SearchEngineCon...', Array)
#8 C:\xampp\htdocs\bomb_cassandra\vendor\yeephp\yeephp\Yee\Yee.php(1333): Yee\Route->dispatch()
#9 C:\xampp\htdocs\bomb_cassandra\vendor\yeephp\yeephp\Yee\Middleware\Flash.php(85): Yee\Yee->call()
#10 C:\xampp\htdocs\bomb_cassandra\vendor\yeephp\yeephp\Yee\Middleware\MethodOverride.php(92): Yee\Middleware\Flash->call()
#11 C:\xampp\htdocs\bomb_cassandra\vendor\yeephp\yeephp\Yee\Yee.php(1278): Yee\Middleware\MethodOverride->call()
#12 C:\xampp\htdocs\bomb_cassandra\public\index.php(66): Yee\Yee->execute()
#13 {main}
ERROR - 2016-10-26 09:50:21 - exception 'ErrorException' with message 'array_keys() expects parameter 1 to be array, string given' in C:\xampp\htdocs\bomb_cassandra\vendor\yeephp\yeephp\Yee\Libraries\Database\CassandraDB.php:951
Stack trace:
#0 [internal function]: Yee\Yee::handleErrors(2, 'array_keys() ex...', 'C:\\xampp\\htdocs...', 951, Array)
#1 C:\xampp\htdocs\bomb_cassandra\vendor\yeephp\yeephp\Yee\Libraries\Database\CassandraDB.php(951): array_keys('mirror's edge')
#2 C:\xampp\htdocs\bomb_cassandra\vendor\yeephp\yeephp\Yee\Libraries\Database\CassandraDB.php(785): Yee\Libraries\Database\CassandraDB->_convertArgumentsToCassandra('mirror's edge')
#3 C:\xampp\htdocs\bomb_cassandra\vendor\yeephp\yeephp\Yee\Libraries\Database\CassandraDB.php(205): Yee\Libraries\Database\CassandraDB->_buildExecutionOptions('mirror's edge')
#4 C:\xampp\htdocs\bomb_cassandra\App\Models\GamesDBModel.php(54): Yee\Libraries\Database\CassandraDB->rawQuery('SELECT * FROM g...', 'games_search_en...', 'mirror's edge')
#5 C:\xampp\htdocs\bomb_cassandra\App\Controllers\SearchEngineController.php(47): App\Models\GamesDBModel->selectSearchResults('mirror's edge')
#6 [internal function]: SearchEngineController->search()
#7 C:\xampp\htdocs\bomb_cassandra\vendor\yeephp\yeephp\Yee\Managers\Controller\Controller.php(22): call_user_func_array(Array, Array)
#8 [internal function]: Yee\Managers\Controller\Controller::__callStatic('___search', Array)
#9 [internal function]: SearchEngineController::___search()
#10 C:\xampp\htdocs\bomb_cassandra\vendor\yeephp\yeephp\Yee\Route.php(462): call_user_func_array('SearchEngineCon...', Array)
#11 C:\xampp\htdocs\bomb_cassandra\vendor\yeephp\yeephp\Yee\Yee.php(1333): Yee\Route->dispatch()
#12 C:\xampp\htdocs\bomb_cassandra\vendor\yeephp\yeephp\Yee\Middleware\Flash.php(85): Yee\Yee->call()
#13 C:\xampp\htdocs\bomb_cassandra\vendor\yeephp\yeephp\Yee\Middleware\MethodOverride.php(92): Yee\Middleware\Flash->call()
#14 C:\xampp\htdocs\bomb_cassandra\vendor\yeephp\yeephp\Yee\Yee.php(1278): Yee\Middleware\MethodOverride->call()
#15 C:\xampp\htdocs\bomb_cassandra\public\index.php(66): Yee\Yee->execute()
#16 {main}
ERROR - 2016-10-26 09:52:05 - exception 'ErrorException' with message 'array_keys() expects parameter 1 to be array, string given' in C:\xampp\htdocs\bomb_cassandra\vendor\yeephp\yeephp\Yee\Libraries\Database\CassandraDB.php:951
Stack trace:
#0 [internal function]: Yee\Yee::handleErrors(2, 'array_keys() ex...', 'C:\\xampp\\htdocs...', 951, Array)
#1 C:\xampp\htdocs\bomb_cassandra\vendor\yeephp\yeephp\Yee\Libraries\Database\CassandraDB.php(951): array_keys('mirror's edge')
#2 C:\xampp\htdocs\bomb_cassandra\vendor\yeephp\yeephp\Yee\Libraries\Database\CassandraDB.php(785): Yee\Libraries\Database\CassandraDB->_convertArgumentsToCassandra('mirror's edge')
#3 C:\xampp\htdocs\bomb_cassandra\vendor\yeephp\yeephp\Yee\Libraries\Database\CassandraDB.php(205): Yee\Libraries\Database\CassandraDB->_buildExecutionOptions('mirror's edge')
#4 C:\xampp\htdocs\bomb_cassandra\App\Models\GamesDBModel.php(54): Yee\Libraries\Database\CassandraDB->rawQuery('SELECT * FROM g...', 'games_search_en...', 'mirror's edge')
#5 C:\xampp\htdocs\bomb_cassandra\App\Controllers\SearchEngineController.php(47): App\Models\GamesDBModel->selectSearchResults('mirror's edge')
#6 [internal function]: SearchEngineController->search()
#7 C:\xampp\htdocs\bomb_cassandra\vendor\yeephp\yeephp\Yee\Managers\Controller\Controller.php(22): call_user_func_array(Array, Array)
#8 [internal function]: Yee\Managers\Controller\Controller::__callStatic('___search', Array)
#9 [internal function]: SearchEngineController::___search()
#10 C:\xampp\htdocs\bomb_cassandra\vendor\yeephp\yeephp\Yee\Route.php(462): call_user_func_array('SearchEngineCon...', Array)
#11 C:\xampp\htdocs\bomb_cassandra\vendor\yeephp\yeephp\Yee\Yee.php(1333): Yee\Route->dispatch()
#12 C:\xampp\htdocs\bomb_cassandra\vendor\yeephp\yeephp\Yee\Middleware\Flash.php(85): Yee\Yee->call()
#13 C:\xampp\htdocs\bomb_cassandra\vendor\yeephp\yeephp\Yee\Middleware\MethodOverride.php(92): Yee\Middleware\Flash->call()
#14 C:\xampp\htdocs\bomb_cassandra\vendor\yeephp\yeephp\Yee\Yee.php(1278): Yee\Middleware\MethodOverride->call()
#15 C:\xampp\htdocs\bomb_cassandra\public\index.php(66): Yee\Yee->execute()
#16 {main}
ERROR - 2016-10-26 09:52:47 - exception 'ErrorException' with message 'array_keys() expects parameter 1 to be array, string given' in C:\xampp\htdocs\bomb_cassandra\vendor\yeephp\yeephp\Yee\Libraries\Database\CassandraDB.php:951
Stack trace:
#0 [internal function]: Yee\Yee::handleErrors(2, 'array_keys() ex...', 'C:\\xampp\\htdocs...', 951, Array)
#1 C:\xampp\htdocs\bomb_cassandra\vendor\yeephp\yeephp\Yee\Libraries\Database\CassandraDB.php(951): array_keys('mirror's edge')
#2 C:\xampp\htdocs\bomb_cassandra\vendor\yeephp\yeephp\Yee\Libraries\Database\CassandraDB.php(785): Yee\Libraries\Database\CassandraDB->_convertArgumentsToCassandra('mirror's edge')
#3 C:\xampp\htdocs\bomb_cassandra\vendor\yeephp\yeephp\Yee\Libraries\Database\CassandraDB.php(205): Yee\Libraries\Database\CassandraDB->_buildExecutionOptions('mirror's edge')
#4 C:\xampp\htdocs\bomb_cassandra\App\Models\GamesDBModel.php(54): Yee\Libraries\Database\CassandraDB->rawQuery('SELECT * FROM g...', 'games_search_en...', 'mirror's edge')
#5 C:\xampp\htdocs\bomb_cassandra\App\Controllers\SearchEngineController.php(47): App\Models\GamesDBModel->selectSearchResults('mirror's edge')
#6 [internal function]: SearchEngineController->search()
#7 C:\xampp\htdocs\bomb_cassandra\vendor\yeephp\yeephp\Yee\Managers\Controller\Controller.php(22): call_user_func_array(Array, Array)
#8 [internal function]: Yee\Managers\Controller\Controller::__callStatic('___search', Array)
#9 [internal function]: SearchEngineController::___search()
#10 C:\xampp\htdocs\bomb_cassandra\vendor\yeephp\yeephp\Yee\Route.php(462): call_user_func_array('SearchEngineCon...', Array)
#11 C:\xampp\htdocs\bomb_cassandra\vendor\yeephp\yeephp\Yee\Yee.php(1333): Yee\Route->dispatch()
#12 C:\xampp\htdocs\bomb_cassandra\vendor\yeephp\yeephp\Yee\Middleware\Flash.php(85): Yee\Yee->call()
#13 C:\xampp\htdocs\bomb_cassandra\vendor\yeephp\yeephp\Yee\Middleware\MethodOverride.php(92): Yee\Middleware\Flash->call()
#14 C:\xampp\htdocs\bomb_cassandra\vendor\yeephp\yeephp\Yee\Yee.php(1278): Yee\Middleware\MethodOverride->call()
#15 C:\xampp\htdocs\bomb_cassandra\public\index.php(66): Yee\Yee->execute()
#16 {main}
ERROR - 2016-10-26 09:53:05 - exception 'ErrorException' with message 'array_keys() expects parameter 1 to be array, string given' in C:\xampp\htdocs\bomb_cassandra\vendor\yeephp\yeephp\Yee\Libraries\Database\CassandraDB.php:951
Stack trace:
#0 [internal function]: Yee\Yee::handleErrors(2, 'array_keys() ex...', 'C:\\xampp\\htdocs...', 951, Array)
#1 C:\xampp\htdocs\bomb_cassandra\vendor\yeephp\yeephp\Yee\Libraries\Database\CassandraDB.php(951): array_keys('mirror's edge')
#2 C:\xampp\htdocs\bomb_cassandra\vendor\yeephp\yeephp\Yee\Libraries\Database\CassandraDB.php(785): Yee\Libraries\Database\CassandraDB->_convertArgumentsToCassandra('mirror's edge')
#3 C:\xampp\htdocs\bomb_cassandra\vendor\yeephp\yeephp\Yee\Libraries\Database\CassandraDB.php(205): Yee\Libraries\Database\CassandraDB->_buildExecutionOptions('mirror's edge')
#4 C:\xampp\htdocs\bomb_cassandra\App\Models\GamesDBModel.php(54): Yee\Libraries\Database\CassandraDB->rawQuery('SELECT * FROM g...', 'games_search_en...', 'mirror's edge')
#5 C:\xampp\htdocs\bomb_cassandra\App\Controllers\SearchEngineController.php(47): App\Models\GamesDBModel->selectSearchResults('mirror's edge')
#6 [internal function]: SearchEngineController->search()
#7 C:\xampp\htdocs\bomb_cassandra\vendor\yeephp\yeephp\Yee\Managers\Controller\Controller.php(22): call_user_func_array(Array, Array)
#8 [internal function]: Yee\Managers\Controller\Controller::__callStatic('___search', Array)
#9 [internal function]: SearchEngineController::___search()
#10 C:\xampp\htdocs\bomb_cassandra\vendor\yeephp\yeephp\Yee\Route.php(462): call_user_func_array('SearchEngineCon...', Array)
#11 C:\xampp\htdocs\bomb_cassandra\vendor\yeephp\yeephp\Yee\Yee.php(1333): Yee\Route->dispatch()
#12 C:\xampp\htdocs\bomb_cassandra\vendor\yeephp\yeephp\Yee\Middleware\Flash.php(85): Yee\Yee->call()
#13 C:\xampp\htdocs\bomb_cassandra\vendor\yeephp\yeephp\Yee\Middleware\MethodOverride.php(92): Yee\Middleware\Flash->call()
#14 C:\xampp\htdocs\bomb_cassandra\vendor\yeephp\yeephp\Yee\Yee.php(1278): Yee\Middleware\MethodOverride->call()
#15 C:\xampp\htdocs\bomb_cassandra\public\index.php(66): Yee\Yee->execute()
#16 {main}
ERROR - 2016-10-26 09:56:43 - exception 'ErrorException' with message 'Undefined variable: games' in C:\xampp\htdocs\bomb_cassandra\App\Models\GamesDBModel.php:58
Stack trace:
#0 C:\xampp\htdocs\bomb_cassandra\App\Models\GamesDBModel.php(58): Yee\Yee::handleErrors(8, 'Undefined varia...', 'C:\\xampp\\htdocs...', 58, Array)
#1 C:\xampp\htdocs\bomb_cassandra\App\Controllers\SearchEngineController.php(47): App\Models\GamesDBModel->selectSearchResults('mirror's edge')
#2 [internal function]: SearchEngineController->search()
#3 C:\xampp\htdocs\bomb_cassandra\vendor\yeephp\yeephp\Yee\Managers\Controller\Controller.php(22): call_user_func_array(Array, Array)
#4 [internal function]: Yee\Managers\Controller\Controller::__callStatic('___search', Array)
#5 [internal function]: SearchEngineController::___search()
#6 C:\xampp\htdocs\bomb_cassandra\vendor\yeephp\yeephp\Yee\Route.php(462): call_user_func_array('SearchEngineCon...', Array)
#7 C:\xampp\htdocs\bomb_cassandra\vendor\yeephp\yeephp\Yee\Yee.php(1333): Yee\Route->dispatch()
#8 C:\xampp\htdocs\bomb_cassandra\vendor\yeephp\yeephp\Yee\Middleware\Flash.php(85): Yee\Yee->call()
#9 C:\xampp\htdocs\bomb_cassandra\vendor\yeephp\yeephp\Yee\Middleware\MethodOverride.php(92): Yee\Middleware\Flash->call()
#10 C:\xampp\htdocs\bomb_cassandra\vendor\yeephp\yeephp\Yee\Yee.php(1278): Yee\Middleware\MethodOverride->call()
#11 C:\xampp\htdocs\bomb_cassandra\public\index.php(66): Yee\Yee->execute()
#12 {main}
ERROR - 2016-10-26 09:58:57 - exception 'ErrorException' with message 'Argument 1 passed to Cassandra\DefaultSession::execute() must implement interface Cassandra\Statement, boolean given, called in C:\xampp\htdocs\bomb_cassandra\App\Models\GamesDBModel.php on line 55 and defined' in C:\xampp\htdocs\bomb_cassandra\vendor\yeephp\yeephp\Yee\Libraries\Database\CassandraDB.php:208
Stack trace:
#0 [internal function]: Yee\Yee::handleErrors(4096, 'Argument 1 pass...', 'C:\\xampp\\htdocs...', 208, Array)
#1 C:\xampp\htdocs\bomb_cassandra\vendor\yeephp\yeephp\Yee\Libraries\Database\CassandraDB.php(208): Cassandra\DefaultSession->execute(false, Object(Cassandra\ExecutionOptions))
#2 C:\xampp\htdocs\bomb_cassandra\App\Models\GamesDBModel.php(55): Yee\Libraries\Database\CassandraDB->rawQuery('SELECT * FROM g...', 'games_search_en...', Array)
#3 C:\xampp\htdocs\bomb_cassandra\App\Controllers\SearchEngineController.php(47): App\Models\GamesDBModel->selectSearchResults('mirror's edge')
#4 [internal function]: SearchEngineController->search()
#5 C:\xampp\htdocs\bomb_cassandra\vendor\yeephp\yeephp\Yee\Managers\Controller\Controller.php(22): call_user_func_array(Array, Array)
#6 [internal function]: Yee\Managers\Controller\Controller::__callStatic('___search', Array)
#7 [internal function]: SearchEngineController::___search()
#8 C:\xampp\htdocs\bomb_cassandra\vendor\yeephp\yeephp\Yee\Route.php(462): call_user_func_array('SearchEngineCon...', Array)
#9 C:\xampp\htdocs\bomb_cassandra\vendor\yeephp\yeephp\Yee\Yee.php(1333): Yee\Route->dispatch()
#10 C:\xampp\htdocs\bomb_cassandra\vendor\yeephp\yeephp\Yee\Middleware\Flash.php(85): Yee\Yee->call()
#11 C:\xampp\htdocs\bomb_cassandra\vendor\yeephp\yeephp\Yee\Middleware\MethodOverride.php(92): Yee\Middleware\Flash->call()
#12 C:\xampp\htdocs\bomb_cassandra\vendor\yeephp\yeephp\Yee\Yee.php(1278): Yee\Middleware\MethodOverride->call()
#13 C:\xampp\htdocs\bomb_cassandra\public\index.php(66): Yee\Yee->execute()
#14 {main}
ERROR - 2016-10-26 09:59:21 - exception 'ErrorException' with message 'Undefined variable: games' in C:\xampp\htdocs\bomb_cassandra\App\Models\GamesDBModel.php:58
Stack trace:
#0 C:\xampp\htdocs\bomb_cassandra\App\Models\GamesDBModel.php(58): Yee\Yee::handleErrors(8, 'Undefined varia...', 'C:\\xampp\\htdocs...', 58, Array)
#1 C:\xampp\htdocs\bomb_cassandra\App\Controllers\SearchEngineController.php(47): App\Models\GamesDBModel->selectSearchResults('mirror's edge')
#2 [internal function]: SearchEngineController->search()
#3 C:\xampp\htdocs\bomb_cassandra\vendor\yeephp\yeephp\Yee\Managers\Controller\Controller.php(22): call_user_func_array(Array, Array)
#4 [internal function]: Yee\Managers\Controller\Controller::__callStatic('___search', Array)
#5 [internal function]: SearchEngineController::___search()
#6 C:\xampp\htdocs\bomb_cassandra\vendor\yeephp\yeephp\Yee\Route.php(462): call_user_func_array('SearchEngineCon...', Array)
#7 C:\xampp\htdocs\bomb_cassandra\vendor\yeephp\yeephp\Yee\Yee.php(1333): Yee\Route->dispatch()
#8 C:\xampp\htdocs\bomb_cassandra\vendor\yeephp\yeephp\Yee\Middleware\Flash.php(85): Yee\Yee->call()
#9 C:\xampp\htdocs\bomb_cassandra\vendor\yeephp\yeephp\Yee\Middleware\MethodOverride.php(92): Yee\Middleware\Flash->call()
#10 C:\xampp\htdocs\bomb_cassandra\vendor\yeephp\yeephp\Yee\Yee.php(1278): Yee\Middleware\MethodOverride->call()
#11 C:\xampp\htdocs\bomb_cassandra\public\index.php(66): Yee\Yee->execute()
#12 {main}
ERROR - 2016-10-26 10:00:58 - exception 'ErrorException' with message 'Undefined variable: games' in C:\xampp\htdocs\bomb_cassandra\App\Models\GamesDBModel.php:58
Stack trace:
#0 C:\xampp\htdocs\bomb_cassandra\App\Models\GamesDBModel.php(58): Yee\Yee::handleErrors(8, 'Undefined varia...', 'C:\\xampp\\htdocs...', 58, Array)
#1 C:\xampp\htdocs\bomb_cassandra\App\Controllers\SearchEngineController.php(47): App\Models\GamesDBModel->selectSearchResults('mirror's edge')
#2 [internal function]: SearchEngineController->search()
#3 C:\xampp\htdocs\bomb_cassandra\vendor\yeephp\yeephp\Yee\Managers\Controller\Controller.php(22): call_user_func_array(Array, Array)
#4 [internal function]: Yee\Managers\Controller\Controller::__callStatic('___search', Array)
#5 [internal function]: SearchEngineController::___search()
#6 C:\xampp\htdocs\bomb_cassandra\vendor\yeephp\yeephp\Yee\Route.php(462): call_user_func_array('SearchEngineCon...', Array)
#7 C:\xampp\htdocs\bomb_cassandra\vendor\yeephp\yeephp\Yee\Yee.php(1333): Yee\Route->dispatch()
#8 C:\xampp\htdocs\bomb_cassandra\vendor\yeephp\yeephp\Yee\Middleware\Flash.php(85): Yee\Yee->call()
#9 C:\xampp\htdocs\bomb_cassandra\vendor\yeephp\yeephp\Yee\Middleware\MethodOverride.php(92): Yee\Middleware\Flash->call()
#10 C:\xampp\htdocs\bomb_cassandra\vendor\yeephp\yeephp\Yee\Yee.php(1278): Yee\Middleware\MethodOverride->call()
#11 C:\xampp\htdocs\bomb_cassandra\public\index.php(66): Yee\Yee->execute()
#12 {main}
ERROR - 2016-10-26 10:10:25 - exception 'ErrorException' with message 'Argument 1 passed to Cassandra\DefaultSession::execute() must implement interface Cassandra\Statement, boolean given, called in C:\xampp\htdocs\bomb_cassandra\App\Models\GamesDBModel.php on line 55 and defined' in C:\xampp\htdocs\bomb_cassandra\vendor\yeephp\yeephp\Yee\Libraries\Database\CassandraDB.php:208
Stack trace:
#0 [internal function]: Yee\Yee::handleErrors(4096, 'Argument 1 pass...', 'C:\\xampp\\htdocs...', 208, Array)
#1 C:\xampp\htdocs\bomb_cassandra\vendor\yeephp\yeephp\Yee\Libraries\Database\CassandraDB.php(208): Cassandra\DefaultSession->execute(false, Object(Cassandra\ExecutionOptions))
#2 C:\xampp\htdocs\bomb_cassandra\App\Models\GamesDBModel.php(55): Yee\Libraries\Database\CassandraDB->rawQuery('SELECT * FROM g...', 'games_search_en...', Array)
#3 C:\xampp\htdocs\bomb_cassandra\App\Controllers\SearchEngineController.php(47): App\Models\GamesDBModel->selectSearchResults('mirror's edge')
#4 [internal function]: SearchEngineController->search()
#5 C:\xampp\htdocs\bomb_cassandra\vendor\yeephp\yeephp\Yee\Managers\Controller\Controller.php(22): call_user_func_array(Array, Array)
#6 [internal function]: Yee\Managers\Controller\Controller::__callStatic('___search', Array)
#7 [internal function]: SearchEngineController::___search()
#8 C:\xampp\htdocs\bomb_cassandra\vendor\yeephp\yeephp\Yee\Route.php(462): call_user_func_array('SearchEngineCon...', Array)
#9 C:\xampp\htdocs\bomb_cassandra\vendor\yeephp\yeephp\Yee\Yee.php(1333): Yee\Route->dispatch()
#10 C:\xampp\htdocs\bomb_cassandra\vendor\yeephp\yeephp\Yee\Middleware\Flash.php(85): Yee\Yee->call()
#11 C:\xampp\htdocs\bomb_cassandra\vendor\yeephp\yeephp\Yee\Middleware\MethodOverride.php(92): Yee\Middleware\Flash->call()
#12 C:\xampp\htdocs\bomb_cassandra\vendor\yeephp\yeephp\Yee\Yee.php(1278): Yee\Middleware\MethodOverride->call()
#13 C:\xampp\htdocs\bomb_cassandra\public\index.php(66): Yee\Yee->execute()
#14 {main}
ERROR - 2016-10-26 10:25:45 - exception 'ErrorException' with message 'Undefined variable: games' in C:\xampp\htdocs\bomb_cassandra\App\Models\GamesDBModel.php:58
Stack trace:
#0 C:\xampp\htdocs\bomb_cassandra\App\Models\GamesDBModel.php(58): Yee\Yee::handleErrors(8, 'Undefined varia...', 'C:\\xampp\\htdocs...', 58, Array)
#1 C:\xampp\htdocs\bomb_cassandra\App\Controllers\SearchEngineController.php(47): App\Models\GamesDBModel->selectSearchResults('mirror's edge')
#2 [internal function]: SearchEngineController->search()
#3 C:\xampp\htdocs\bomb_cassandra\vendor\yeephp\yeephp\Yee\Managers\Controller\Controller.php(22): call_user_func_array(Array, Array)
#4 [internal function]: Yee\Managers\Controller\Controller::__callStatic('___search', Array)
#5 [internal function]: SearchEngineController::___search()
#6 C:\xampp\htdocs\bomb_cassandra\vendor\yeephp\yeephp\Yee\Route.php(462): call_user_func_array('SearchEngineCon...', Array)
#7 C:\xampp\htdocs\bomb_cassandra\vendor\yeephp\yeephp\Yee\Yee.php(1333): Yee\Route->dispatch()
#8 C:\xampp\htdocs\bomb_cassandra\vendor\yeephp\yeephp\Yee\Middleware\Flash.php(85): Yee\Yee->call()
#9 C:\xampp\htdocs\bomb_cassandra\vendor\yeephp\yeephp\Yee\Middleware\MethodOverride.php(92): Yee\Middleware\Flash->call()
#10 C:\xampp\htdocs\bomb_cassandra\vendor\yeephp\yeephp\Yee\Yee.php(1278): Yee\Middleware\MethodOverride->call()
#11 C:\xampp\htdocs\bomb_cassandra\public\index.php(66): Yee\Yee->execute()
#12 {main}
ERROR - 2016-10-26 10:25:51 - exception 'ErrorException' with message 'Undefined variable: games' in C:\xampp\htdocs\bomb_cassandra\App\Models\GamesDBModel.php:58
Stack trace:
#0 C:\xampp\htdocs\bomb_cassandra\App\Models\GamesDBModel.php(58): Yee\Yee::handleErrors(8, 'Undefined varia...', 'C:\\xampp\\htdocs...', 58, Array)
#1 C:\xampp\htdocs\bomb_cassandra\App\Controllers\SearchEngineController.php(47): App\Models\GamesDBModel->selectSearchResults('mirror's edge')
#2 [internal function]: SearchEngineController->search()
#3 C:\xampp\htdocs\bomb_cassandra\vendor\yeephp\yeephp\Yee\Managers\Controller\Controller.php(22): call_user_func_array(Array, Array)
#4 [internal function]: Yee\Managers\Controller\Controller::__callStatic('___search', Array)
#5 [internal function]: SearchEngineController::___search()
#6 C:\xampp\htdocs\bomb_cassandra\vendor\yeephp\yeephp\Yee\Route.php(462): call_user_func_array('SearchEngineCon...', Array)
#7 C:\xampp\htdocs\bomb_cassandra\vendor\yeephp\yeephp\Yee\Yee.php(1333): Yee\Route->dispatch()
#8 C:\xampp\htdocs\bomb_cassandra\vendor\yeephp\yeephp\Yee\Middleware\Flash.php(85): Yee\Yee->call()
#9 C:\xampp\htdocs\bomb_cassandra\vendor\yeephp\yeephp\Yee\Middleware\MethodOverride.php(92): Yee\Middleware\Flash->call()
#10 C:\xampp\htdocs\bomb_cassandra\vendor\yeephp\yeephp\Yee\Yee.php(1278): Yee\Middleware\MethodOverride->call()
#11 C:\xampp\htdocs\bomb_cassandra\public\index.php(66): Yee\Yee->execute()
#12 {main}
ERROR - 2016-10-26 10:30:29 - exception 'Cassandra\Exception\InvalidSyntaxException' with message 'line 1:75 missing EOF at 'shiit' (... games_search_engine WHERE solr_query = 'name:*<script>alert('[shiit]')</script>*' )' in C:\xampp\htdocs\bomb_cassandra\vendor\yeephp\yeephp\Yee\Libraries\Database\CassandraDB.php:258
Stack trace:
#0 C:\xampp\htdocs\bomb_cassandra\vendor\yeephp\yeephp\Yee\Libraries\Database\CassandraDB.php(258): Cassandra\DefaultSession->execute(Object(Cassandra\SimpleStatement), Object(Cassandra\ExecutionOptions))
#1 C:\xampp\htdocs\bomb_cassandra\App\Models\GamesDBModel.php(42): Yee\Libraries\Database\CassandraDB->get('games_search_en...')
#2 C:\xampp\htdocs\bomb_cassandra\App\Controllers\SearchEngineController.php(47): App\Models\GamesDBModel->selectSearchResults('<script>alert('...')
#3 [internal function]: SearchEngineController->search()
#4 C:\xampp\htdocs\bomb_cassandra\vendor\yeephp\yeephp\Yee\Managers\Controller\Controller.php(22): call_user_func_array(Array, Array)
#5 [internal function]: Yee\Managers\Controller\Controller::__callStatic('___search', Array)
#6 [internal function]: SearchEngineController::___search()
#7 C:\xampp\htdocs\bomb_cassandra\vendor\yeephp\yeephp\Yee\Route.php(462): call_user_func_array('SearchEngineCon...', Array)
#8 C:\xampp\htdocs\bomb_cassandra\vendor\yeephp\yeephp\Yee\Yee.php(1333): Yee\Route->dispatch()
#9 C:\xampp\htdocs\bomb_cassandra\vendor\yeephp\yeephp\Yee\Middleware\Flash.php(85): Yee\Yee->call()
#10 C:\xampp\htdocs\bomb_cassandra\vendor\yeephp\yeephp\Yee\Middleware\MethodOverride.php(92): Yee\Middleware\Flash->call()
#11 C:\xampp\htdocs\bomb_cassandra\vendor\yeephp\yeephp\Yee\Yee.php(1278): Yee\Middleware\MethodOverride->call()
#12 C:\xampp\htdocs\bomb_cassandra\public\index.php(66): Yee\Yee->execute()
#13 {main}
ERROR - 2016-10-26 10:31:12 - exception 'Cassandra\Exception\InvalidSyntaxException' with message 'line 1:65 missing EOF at 't' (... games_search_engine WHERE solr_query = 'name:*shii'[t]*...)' in C:\xampp\htdocs\bomb_cassandra\vendor\yeephp\yeephp\Yee\Libraries\Database\CassandraDB.php:258
Stack trace:
#0 C:\xampp\htdocs\bomb_cassandra\vendor\yeephp\yeephp\Yee\Libraries\Database\CassandraDB.php(258): Cassandra\DefaultSession->execute(Object(Cassandra\SimpleStatement), Object(Cassandra\ExecutionOptions))
#1 C:\xampp\htdocs\bomb_cassandra\App\Models\GamesDBModel.php(42): Yee\Libraries\Database\CassandraDB->get('games_search_en...')
#2 C:\xampp\htdocs\bomb_cassandra\App\Controllers\SearchEngineController.php(47): App\Models\GamesDBModel->selectSearchResults('shii't')
#3 [internal function]: SearchEngineController->search()
#4 C:\xampp\htdocs\bomb_cassandra\vendor\yeephp\yeephp\Yee\Managers\Controller\Controller.php(22): call_user_func_array(Array, Array)
#5 [internal function]: Yee\Managers\Controller\Controller::__callStatic('___search', Array)
#6 [internal function]: SearchEngineController::___search()
#7 C:\xampp\htdocs\bomb_cassandra\vendor\yeephp\yeephp\Yee\Route.php(462): call_user_func_array('SearchEngineCon...', Array)
#8 C:\xampp\htdocs\bomb_cassandra\vendor\yeephp\yeephp\Yee\Yee.php(1333): Yee\Route->dispatch()
#9 C:\xampp\htdocs\bomb_cassandra\vendor\yeephp\yeephp\Yee\Middleware\Flash.php(85): Yee\Yee->call()
#10 C:\xampp\htdocs\bomb_cassandra\vendor\yeephp\yeephp\Yee\Middleware\MethodOverride.php(92): Yee\Middleware\Flash->call()
#11 C:\xampp\htdocs\bomb_cassandra\vendor\yeephp\yeephp\Yee\Yee.php(1278): Yee\Middleware\MethodOverride->call()
#12 C:\xampp\htdocs\bomb_cassandra\public\index.php(66): Yee\Yee->execute()
#13 {main}
ERROR - 2016-10-26 10:33:00 - exception 'Cassandra\Exception\InvalidSyntaxException' with message 'line 1:67 missing EOF at 's' (... games_search_engine WHERE solr_query = 'name:*mirror'[s]*...)' in C:\xampp\htdocs\bomb_cassandra\vendor\yeephp\yeephp\Yee\Libraries\Database\CassandraDB.php:258
Stack trace:
#0 C:\xampp\htdocs\bomb_cassandra\vendor\yeephp\yeephp\Yee\Libraries\Database\CassandraDB.php(258): Cassandra\DefaultSession->execute(Object(Cassandra\SimpleStatement), Object(Cassandra\ExecutionOptions))
#1 C:\xampp\htdocs\bomb_cassandra\App\Models\GamesDBModel.php(42): Yee\Libraries\Database\CassandraDB->get('games_search_en...')
#2 C:\xampp\htdocs\bomb_cassandra\App\Controllers\SearchEngineController.php(47): App\Models\GamesDBModel->selectSearchResults('mirror's')
#3 [internal function]: SearchEngineController->search()
#4 C:\xampp\htdocs\bomb_cassandra\vendor\yeephp\yeephp\Yee\Managers\Controller\Controller.php(22): call_user_func_array(Array, Array)
#5 [internal function]: Yee\Managers\Controller\Controller::__callStatic('___search', Array)
#6 [internal function]: SearchEngineController::___search()
#7 C:\xampp\htdocs\bomb_cassandra\vendor\yeephp\yeephp\Yee\Route.php(462): call_user_func_array('SearchEngineCon...', Array)
#8 C:\xampp\htdocs\bomb_cassandra\vendor\yeephp\yeephp\Yee\Yee.php(1333): Yee\Route->dispatch()
#9 C:\xampp\htdocs\bomb_cassandra\vendor\yeephp\yeephp\Yee\Middleware\Flash.php(85): Yee\Yee->call()
#10 C:\xampp\htdocs\bomb_cassandra\vendor\yeephp\yeephp\Yee\Middleware\MethodOverride.php(92): Yee\Middleware\Flash->call()
#11 C:\xampp\htdocs\bomb_cassandra\vendor\yeephp\yeephp\Yee\Yee.php(1278): Yee\Middleware\MethodOverride->call()
#12 C:\xampp\htdocs\bomb_cassandra\public\index.php(66): Yee\Yee->execute()
#13 {main}
ERROR - 2016-10-26 10:52:25 - exception 'ErrorException' with message 'explode(): Empty delimiter' in C:\xampp\htdocs\bomb_cassandra\App\Controllers\SearchEngineController.php:33
Stack trace:
#0 [internal function]: Yee\Yee::handleErrors(2, 'explode(): Empt...', 'C:\\xampp\\htdocs...', 33, Array)
#1 C:\xampp\htdocs\bomb_cassandra\App\Controllers\SearchEngineController.php(33): explode('', '<script>alert('...')
#2 [internal function]: SearchEngineController->search()
#3 C:\xampp\htdocs\bomb_cassandra\vendor\yeephp\yeephp\Yee\Managers\Controller\Controller.php(22): call_user_func_array(Array, Array)
#4 [internal function]: Yee\Managers\Controller\Controller::__callStatic('___search', Array)
#5 [internal function]: SearchEngineController::___search()
#6 C:\xampp\htdocs\bomb_cassandra\vendor\yeephp\yeephp\Yee\Route.php(462): call_user_func_array('SearchEngineCon...', Array)
#7 C:\xampp\htdocs\bomb_cassandra\vendor\yeephp\yeephp\Yee\Yee.php(1333): Yee\Route->dispatch()
#8 C:\xampp\htdocs\bomb_cassandra\vendor\yeephp\yeephp\Yee\Middleware\Flash.php(85): Yee\Yee->call()
#9 C:\xampp\htdocs\bomb_cassandra\vendor\yeephp\yeephp\Yee\Middleware\MethodOverride.php(92): Yee\Middleware\Flash->call()
#10 C:\xampp\htdocs\bomb_cassandra\vendor\yeephp\yeephp\Yee\Yee.php(1278): Yee\Middleware\MethodOverride->call()
#11 C:\xampp\htdocs\bomb_cassandra\public\index.php(66): Yee\Yee->execute()
#12 {main}
ERROR - 2016-10-26 10:53:48 - exception 'ErrorException' with message 'explode(): Empty delimiter' in C:\xampp\htdocs\bomb_cassandra\App\Controllers\SearchEngineController.php:33
Stack trace:
#0 [internal function]: Yee\Yee::handleErrors(2, 'explode(): Empt...', 'C:\\xampp\\htdocs...', 33, Array)
#1 C:\xampp\htdocs\bomb_cassandra\App\Controllers\SearchEngineController.php(33): explode('', '<script>alert('...')
#2 [internal function]: SearchEngineController->search()
#3 C:\xampp\htdocs\bomb_cassandra\vendor\yeephp\yeephp\Yee\Managers\Controller\Controller.php(22): call_user_func_array(Array, Array)
#4 [internal function]: Yee\Managers\Controller\Controller::__callStatic('___search', Array)
#5 [internal function]: SearchEngineController::___search()
#6 C:\xampp\htdocs\bomb_cassandra\vendor\yeephp\yeephp\Yee\Route.php(462): call_user_func_array('SearchEngineCon...', Array)
#7 C:\xampp\htdocs\bomb_cassandra\vendor\yeephp\yeephp\Yee\Yee.php(1333): Yee\Route->dispatch()
#8 C:\xampp\htdocs\bomb_cassandra\vendor\yeephp\yeephp\Yee\Middleware\Flash.php(85): Yee\Yee->call()
#9 C:\xampp\htdocs\bomb_cassandra\vendor\yeephp\yeephp\Yee\Middleware\MethodOverride.php(92): Yee\Middleware\Flash->call()
#10 C:\xampp\htdocs\bomb_cassandra\vendor\yeephp\yeephp\Yee\Yee.php(1278): Yee\Middleware\MethodOverride->call()
#11 C:\xampp\htdocs\bomb_cassandra\public\index.php(66): Yee\Yee->execute()
#12 {main}
